<?xml version="1.0" encoding="UTF-8"?>
<!-- Generated by org.testng.reporters.JUnitReportReporter -->
<testsuite hostname="Nazar" name="com.art.idl.testsuites.ContactUsPageTest" tests="3" failures="0" timestamp="9 Nov 2017 10:39:14 GMT" time="31.835" errors="0">
  <testcase name="checkIfUserStayOnConatctUsScreenAfterClickingOnContactUs" time="10.084" classname="com.art.idl.testsuites.ContactUsPageTest"/>
  <testcase name="checkIfUserCanBeRedirectedToFAQFromContacusAndTurnBack" time="7.135" classname="com.art.idl.testsuites.ContactUsPageTest"/>
  <testcase name="checkIfUserIsRedirectedToPricingFromContactUs" time="14.616" classname="com.art.idl.testsuites.ContactUsPageTest"/>
</testsuite> <!-- com.art.idl.testsuites.ContactUsPageTest -->
